<?xml version="1.0" encoding="UTF-8"?>
<!-- Generated by org.testng.reporters.JUnitReportReporter -->
<testsuite skipped="0" hostname="DESKTOP-65AMNQA" name="com.stackroute.qe.test.FirstPageTest" tests="1" failures="0" timestamp="2020-10-13T17:48:42 IST" time="6.656" errors="0">
  <testcase name="init" time="6.656" classname="com.stackroute.qe.test.FirstPageTest"/>
  <system-out/>
</testsuite> <!-- com.stackroute.qe.test.FirstPageTest -->
