<?xml version="1.0" encoding="UTF-8"?>
<!-- Generated by org.testng.reporters.JUnitReportReporter -->
<testsuite name="com.stackroute.qe.test.LoginTest" tests="2" time="21.702" ignored="0" failures="0" timestamp="08 Jun 2019 21:10:04 GMT" skipped="0" hostname="BLR-STR-DURAI" errors="0">
  <testcase name="checkValidLogin" time="11.662" classname="com.stackroute.qe.test.LoginTest"/>
  <testcase name="checkInValidLogin" time="10.040" classname="com.stackroute.qe.test.LoginTest"/>
</testsuite> <!-- com.stackroute.qe.test.LoginTest -->
