<?xml version="1.0" encoding="UTF-8"?>
<!-- Generated by org.testng.reporters.JUnitReportReporter -->
<testsuite skipped="0" hostname="DESKTOP-65AMNQA" name="com.stackroute.qe.test.ShoppingPageTest" tests="1" failures="0" timestamp="2020-10-20T14:49:56 IST" time="82.056" errors="0">
  <testcase name="init" time="82.056" classname="com.stackroute.qe.test.ShoppingPageTest"/>
  <system-out/>
</testsuite> <!-- com.stackroute.qe.test.ShoppingPageTest -->
