<?xml version="1.0" encoding="UTF-8"?>
<!-- Generated by org.testng.reporters.JUnitReportReporter -->
<testsuite ignored="0" hostname="blrstrhema-Latitude-5590" failures="0" tests="1" name="com.stackroute.qe.test.HomePageTest" time="13.335" errors="0" timestamp="11 Sep 2020 10:25:27 GMT" skipped="0">
  <testcase classname="com.stackroute.qe.test.HomePageTest" name="checkLogout" time="13.335"/>
</testsuite> <!-- com.stackroute.qe.test.HomePageTest -->
